2025-08-22 09:01:29,093 - INFO - Starting Van Paper Company leaderboard automation...
2025-08-22 09:01:29,093 - INFO - Looking for emails from: noreply@vanpaper.com
2025-08-22 09:01:29,094 - INFO - Subject contains: Inform Auto Scheduled Report: leaderboardexport
2025-08-22 09:01:29,094 - INFO - Searching last 3 days
2025-08-22 09:01:29,094 - INFO - Starting Outlook automation...
2025-08-22 09:01:29,116 - INFO - Successfully connected to Outlook
2025-08-22 09:01:29,141 - ERROR - Error searching emails: (-2147352567, 'Exception occurred.', (4096, 'Microsoft Outlook', 'Condition is not valid.', None, 0, -2147352567), None)
2025-08-22 09:01:29,142 - INFO - No messages found matching criteria
2025-08-22 09:08:36,343 - INFO - Starting Van Paper Company leaderboard automation...
2025-08-22 09:08:36,343 - INFO - Looking for emails from: noreply@vanpaper.com
2025-08-22 09:08:36,343 - INFO - Subject contains: Inform Auto Scheduled Report: leaderboardexport
2025-08-22 09:08:36,343 - INFO - Searching last 3 days
2025-08-22 09:08:36,344 - INFO - Starting Outlook automation...
2025-08-22 09:08:36,360 - INFO - Successfully connected to Outlook
2025-08-22 09:08:36,370 - ERROR - Error searching emails: (-2147352567, 'Exception occurred.', (4096, 'Microsoft Outlook', 'Condition is not valid.', None, 0, -2147352567), None)
2025-08-22 09:08:36,371 - INFO - No messages found matching criteria
2025-08-22 09:09:54,286 - INFO - Starting Van Paper Company leaderboard automation...
2025-08-22 09:09:54,286 - INFO - Looking for emails from: noreply@vanpaper.com
2025-08-22 09:09:54,286 - INFO - Subject contains: Inform Auto Scheduled Report: leaderboardexport
2025-08-22 09:09:54,286 - INFO - Searching last 3 days
2025-08-22 09:09:54,287 - INFO - Starting Outlook automation...
2025-08-22 09:09:54,304 - INFO - Successfully connected to Outlook
2025-08-22 09:09:54,316 - INFO - Scanning inbox for messages since 2025-08-19
2025-08-22 09:10:19,591 - INFO - Found 0 total emails in last 3 days
2025-08-22 09:10:38,851 - INFO - Found 0 messages matching criteria
2025-08-22 09:10:38,853 - INFO - No messages found matching criteria
